Using pre-set license

 COMMAND LINE ARGUMENTS:
/Applications/Unity/Hub/Editor/2020.3.3f1/Unity.app/Contents/MacOS/Unity
-adb2
-batchMode
-noUpm
-name
AssetImportWorker0
-projectPath
/Users/tim/Projects/PBJam2021/PBJ2021
-logFile
Logs/AssetImportWorker0.log
-srvPort
49530
Successfully changed project path to: /Users/tim/Projects/PBJam2021/PBJ2021
/Users/tim/Projects/PBJam2021/PBJ2021
Using Asset Import Pipeline V2.
Refreshing native plugins compatible for Editor in 43.55 ms, found 2 plugins.
Preloading 0 native plugins for Editor in 0.00 ms.
Initialize engine version: 2020.3.3f1 (76626098c1c4)
[Subsystems] Discovering subsystems at path /Applications/Unity/Hub/Editor/2020.3.3f1/Unity.app/Contents/Resources/UnitySubsystems
[Subsystems] Discovering subsystems at path /Users/tim/Projects/PBJam2021/PBJ2021/Assets
GfxDevice: creating device client; threaded=0
2021-04-16 21:48:22.625 Unity[1093:13643] 2470W preferred device: Intel(R) Iris(TM) Plus Graphics 655 (low power)
2021-04-16 21:48:22.625 Unity[1093:13643] Metal devices available: 1
2021-04-16 21:48:22.625 Unity[1093:13643] 0: Intel(R) Iris(TM) Plus Graphics 655 (low power)
2021-04-16 21:48:22.625 Unity[1093:13643] Using device Intel(R) Iris(TM) Plus Graphics 655 (low power)
Initializing Metal device caps: Intel(R) Iris(TM) Plus Graphics 655
Initialize mono
Mono path[0] = '/Applications/Unity/Hub/Editor/2020.3.3f1/Unity.app/Contents/Managed'
Mono path[1] = '/Applications/Unity/Hub/Editor/2020.3.3f1/Unity.app/Contents/MonoBleedingEdge/lib/mono/unityjit'
Mono config path = '/Applications/Unity/Hub/Editor/2020.3.3f1/Unity.app/Contents/MonoBleedingEdge/etc'
Using monoOptions --debugger-agent=transport=dt_socket,embedding=1,server=y,suspend=n,address=127.0.0.1:56093
Begin MonoManager ReloadAssembly
Registering precompiled unity dll's ...
Register platform support module: /Applications/Unity/Hub/Editor/2020.3.3f1/Unity.app/Contents/PlaybackEngines/MacStandaloneSupport/UnityEditor.OSXStandalone.Extensions.dll
Registered in 0.000431 seconds.
Native extension for OSXStandalone target not found
Refreshing native plugins compatible for Editor in 39.27 ms, found 2 plugins.
Preloading 0 native plugins for Editor in 0.00 ms.
Invoked RoslynAnalysisRunner static constructor.
RoslynAnalysisRunner will not be running.
RoslynAnalysisRunner has terminated.
Mono: successfully reloaded assembly
- Completed reload, in  1.206 seconds
Platform modules already initialized, skipping
Registering precompiled user dll's ...
Registered in 0.000436 seconds.
Begin MonoManager ReloadAssembly
Native extension for OSXStandalone target not found
Refreshing native plugins compatible for Editor in 35.47 ms, found 2 plugins.
Preloading 0 native plugins for Editor in 0.00 ms.
Invoked RoslynAnalysisRunner static constructor.
RoslynAnalysisRunner will not be running.
RoslynAnalysisRunner has terminated.
Mono: successfully reloaded assembly
- Completed reload, in  1.065 seconds
Platform modules already initialized, skipping
========================================================================
Worker process is ready to serve import requests
Launching external process: /Applications/Unity/Hub/Editor/2020.3.3f1/Unity.app/Contents/Tools/UnityShaderCompiler
Launched and connected shader compiler UnityShaderCompiler after 0.02 seconds
Refreshing native plugins compatible for Editor in 0.38 ms, found 2 plugins.
Preloading 0 native plugins for Editor in 0.00 ms.
Unloading 1808 Unused Serialized files (Serialized files now loaded: 0)
System memory in use before: 141.8 MB.
System memory in use after: 141.7 MB.

Unloading 24 unused Assets to reduce memory usage. Loaded Objects now: 2250.
Total: 2.840670 ms (FindLiveObjects: 0.312817 ms CreateObjectMapping: 0.159786 ms MarkObjects: 2.214254 ms  DeleteObjects: 0.151870 ms)

========================================================================
Received Import Request.
  path: Assets/Scenes
  artifactKey: Guid(9e15aefe02d044f7ba14d7c2bedffecb) Importer(815301076,1909f56bfc062723c751e8b465ee728b)
Start importing Assets/Scenes using Guid(9e15aefe02d044f7ba14d7c2bedffecb) Importer(815301076,1909f56bfc062723c751e8b465ee728b)  -> (artifact id: 'eae69d3961881df27bb9f2412508f419') in 0.004744 seconds
  Import took 0.009905 seconds .

========================================================================
Received Import Request.
  Time since last request: 4.558295 seconds.
  path: Assets/Scenes/TimScene.unity
  artifactKey: Guid(f44caebcf519f4a93a6e5b62fdf5926c) Importer(815301076,1909f56bfc062723c751e8b465ee728b)
Start importing Assets/Scenes/TimScene.unity using Guid(f44caebcf519f4a93a6e5b62fdf5926c) Importer(815301076,1909f56bfc062723c751e8b465ee728b)  -> (artifact id: 'c125bd7c67c7067bf8bd40e396b54c9f') in 0.013117 seconds
  Import took 0.018927 seconds .

========================================================================
Received Import Request.
  Time since last request: 18.510859 seconds.
  path: Assets/Scripts
  artifactKey: Guid(4c2ec4575a78d469b95fc160ebfeef83) Importer(815301076,1909f56bfc062723c751e8b465ee728b)
Start importing Assets/Scripts using Guid(4c2ec4575a78d469b95fc160ebfeef83) Importer(815301076,1909f56bfc062723c751e8b465ee728b)  -> (artifact id: 'adc5e1be28e0e7bf898f8645547bca7e') in 0.002514 seconds
  Import took 0.009170 seconds .

========================================================================
Received Import Request.
  Time since last request: 0.001083 seconds.
  path: Assets/Scripts
  artifactKey: Guid(4c2ec4575a78d469b95fc160ebfeef83) Importer(815301076,1909f56bfc062723c751e8b465ee728b)
Start importing Assets/Scripts using Guid(4c2ec4575a78d469b95fc160ebfeef83) Importer(815301076,1909f56bfc062723c751e8b465ee728b)  -> (artifact id: 'adc5e1be28e0e7bf898f8645547bca7e') in 0.001852 seconds
  Import took 0.006749 seconds .

========================================================================
Received Import Request.
  Time since last request: 10.021957 seconds.
  path: Assets/Prefabs
  artifactKey: Guid(9dd4dda8302e04b29916b497aa077058) Importer(815301076,1909f56bfc062723c751e8b465ee728b)
Start importing Assets/Prefabs using Guid(9dd4dda8302e04b29916b497aa077058) Importer(815301076,1909f56bfc062723c751e8b465ee728b)  -> (artifact id: 'e4924aa1f588d3f5bf54b4ea3a8dda41') in 0.001923 seconds
  Import took 0.006991 seconds .

========================================================================
Received Import Request.
  Time since last request: 11.403352 seconds.
  path: Assets/Prefabs/AudioManager.prefab
  artifactKey: Guid(76fddb73a5b3e4213ab510f489bb43fd) Importer(815301076,1909f56bfc062723c751e8b465ee728b)
Start importing Assets/Prefabs/AudioManager.prefab using Guid(76fddb73a5b3e4213ab510f489bb43fd) Importer(815301076,1909f56bfc062723c751e8b465ee728b)  -> (artifact id: '23735dbc48b3cb45062b5f051a409bae') in 0.309641 seconds
  Import took 0.315656 seconds .

========================================================================
Received Import Request.
  Time since last request: 7.168298 seconds.
  path: Assets/Scripts/Tim
  artifactKey: Guid(30b4fb73f6bc345048f3aa4f1bd5b55d) Importer(815301076,1909f56bfc062723c751e8b465ee728b)
Start importing Assets/Scripts/Tim using Guid(30b4fb73f6bc345048f3aa4f1bd5b55d) Importer(815301076,1909f56bfc062723c751e8b465ee728b)  -> (artifact id: '9045348eb104a41dcada805b48acec9e') in 0.001687 seconds
  Import took 0.007313 seconds .

========================================================================
Received Import Request.
  Time since last request: 0.001235 seconds.
  path: Assets/Scripts/Tim
  artifactKey: Guid(30b4fb73f6bc345048f3aa4f1bd5b55d) Importer(815301076,1909f56bfc062723c751e8b465ee728b)
Start importing Assets/Scripts/Tim using Guid(30b4fb73f6bc345048f3aa4f1bd5b55d) Importer(815301076,1909f56bfc062723c751e8b465ee728b)  -> (artifact id: '9045348eb104a41dcada805b48acec9e') in 0.001690 seconds
  Import took 0.005396 seconds .

========================================================================
Received Import Request.
  Time since last request: 34.932247 seconds.
  path: Assets/Scripts/Tim/AudioManager.cs
  artifactKey: Guid(4083b73d9f01748598cf172f2b5950cb) Importer(815301076,1909f56bfc062723c751e8b465ee728b)
Start importing Assets/Scripts/Tim/AudioManager.cs using Guid(4083b73d9f01748598cf172f2b5950cb) Importer(815301076,1909f56bfc062723c751e8b465ee728b)  -> (artifact id: '95691d528fd3709ef50d375c8e26ce09') in 0.133771 seconds
  Import took 0.138746 seconds .

========================================================================
Received Prepare
Registering precompiled user dll's ...
Registered in 0.000440 seconds.
Begin MonoManager ReloadAssembly
Native extension for OSXStandalone target not found
Refreshing native plugins compatible for Editor in 0.37 ms, found 2 plugins.
Preloading 0 native plugins for Editor in 0.00 ms.
Invoked RoslynAnalysisRunner static constructor.
RoslynAnalysisRunner will not be running.
RoslynAnalysisRunner has terminated.
Mono: successfully reloaded assembly
- Completed reload, in  0.989 seconds
Platform modules already initialized, skipping
Refreshing native plugins compatible for Editor in 0.30 ms, found 2 plugins.
Preloading 0 native plugins for Editor in 0.00 ms.
Unloading 1804 Unused Serialized files (Serialized files now loaded: 0)
System memory in use before: 147.9 MB.
System memory in use after: 147.9 MB.

Unloading 12 unused Assets to reduce memory usage. Loaded Objects now: 2255.
Total: 2.551167 ms (FindLiveObjects: 0.245827 ms CreateObjectMapping: 0.097903 ms MarkObjects: 2.112744 ms  DeleteObjects: 0.093692 ms)

